Arguments: 
  C:\Program Files\nodejs\node.exe C:\Users\antho\AppData\Roaming\npm\node_modules\yarn\bin\yarn.js add express @types/express mongooes @types/mongoose nodemon ts -node typescript

PATH: 
  C:\Users\antho\miniconda3;C:\Users\antho\miniconda3\Library\mingw-w64\bin;C:\Users\antho\miniconda3\Library\usr\bin;C:\Users\antho\miniconda3\Library\bin;C:\Users\antho\miniconda3\Scripts;C:\Users\antho\miniconda3\bin;C:\Users\antho\miniconda3\condabin;C:\Python312\Scripts;C:\Python312;C:\Program Files\Common Files\Oracle\Java\javapath;C:\Python311\Scripts;C:\Python311;C:\WINDOWS\system32;C:\WINDOWS;C:\WINDOWS\System32\Wbem;C:\WINDOWS\System32\WindowsPowerShell\v1.0;C:\WINDOWS\System32\OpenSSH;C:\Program Files\Git\cmd;C:\Program Files\dotnet;C:\Program Files\mongosh-1.5.4-win32-x64;C:\ProgramData\chocolatey\bin;.;C:\Program Files\Docker\Docker\resources\bin;C:\Program Files\nodejs;C:\Users\antho\AppData\Local\Microsoft\WindowsApps;C:\Users\antho\AppData\Local\Programs\Microsoft VS Code\bin;C:\Users\antho\AppData\Local\GitHubDesktop\bin;C:\Program Files\mongosh-1.5.4-win32-x64\bin;C:\intelFPGA\20.1\modelsim_ase\win32aloem;C:\Users\antho\AppData\Local\Pandoc;C:\Program Files\Common Files\Oracle\Java\javapath;C:\Users\antho\AppData\Local\Microsoft\WinGet\Packages\Schniz.fnm_Microsoft.Winget.Source_8wekyb3d8bbwe;C:\Users\antho\AppData\Roaming\npm

Yarn version: 
  1.22.19

Node version: 
  20.15.0

Platform: 
  win32 x64

Trace: 
  Error: https://registry.yarnpkg.com/mongooes: Not found
      at params.callback [as _callback] (C:\Users\antho\AppData\Roaming\npm\node_modules\yarn\lib\cli.js:66145:18)
      at self.callback (C:\Users\antho\AppData\Roaming\npm\node_modules\yarn\lib\cli.js:140890:22)
      at Request.emit (node:events:519:28)
      at Request.<anonymous> (C:\Users\antho\AppData\Roaming\npm\node_modules\yarn\lib\cli.js:141862:10)
      at Request.emit (node:events:519:28)
      at IncomingMessage.<anonymous> (C:\Users\antho\AppData\Roaming\npm\node_modules\yarn\lib\cli.js:141784:12)
      at Object.onceWrapper (node:events:633:28)
      at IncomingMessage.emit (node:events:531:35)
      at endReadableNT (node:internal/streams/readable:1696:12)
      at process.processTicksAndRejections (node:internal/process/task_queues:82:21)

npm manifest: 
  {
    "name": "server",
    "version": "1.0.0",
    "main": "index.js",
    "license": "MIT"
  }

yarn manifest: 
  No manifest

Lockfile: 
  No lockfile
